Copyright 1986-2022 Xilinx, Inc. All Rights Reserved. Copyright 2022-2025 Advanced Micro Devices, Inc. All Rights Reserved.
---------------------------------------------------------------------------------------------------------------------------------------------
| Tool Version : Vivado v.2025.2 (win64) Build 6299465 Fri Nov 14 19:35:11 GMT 2025
| Date         : Sat Jul 11 18:46:10 2026
| Host         : WinsonLiu running 64-bit major release  (build 9200)
| Command      : report_timing_summary -file C:/kv_cache/docs/reports/timing_summary_2M.rpt
| Design       : kv_top
| Device       : 7a35t-cpg236
| Speed File   : -1  PRODUCTION 1.23 2018-06-13
| Design State : Routed
---------------------------------------------------------------------------------------------------------------------------------------------

Timing Summary Report

------------------------------------------------------------------------------------------------
| Timer Settings
| --------------
------------------------------------------------------------------------------------------------

  Enable Multi Corner Analysis               :  Yes
  Enable Pessimism Removal                   :  Yes
  Pessimism Removal Resolution               :  Nearest Common Node
  Enable Input Delay Default Clock           :  No
  Enable Preset / Clear Arcs                 :  No
  Disable Flight Delays                      :  No
  Ignore I/O Paths                           :  No
  Timing Early Launch at Borrowing Latches   :  No
  Borrow Time for Max Delay Exceptions       :  Yes
  Merge Timing Exceptions                    :  Yes
  Inter-SLR Compensation                     :  Conservative

  Corner  Analyze    Analyze    
  Name    Max Paths  Min Paths  
  ------  ---------  ---------  
  Slow    Yes        Yes        
  Fast    Yes        Yes        


------------------------------------------------------------------------------------------------
| Report Methodology
| ------------------
------------------------------------------------------------------------------------------------

Rule     Severity  Description                                 Violations  
-------  --------  ------------------------------------------  ----------  
SYNTH-6  Warning   Timing of a RAM block might be sub-optimal  17          

Note: This report is based on the most recent report_methodology run and may not be up-to-date. Run report_methodology on the current design for the latest report.



check_timing report

Table of Contents
-----------------
1. checking no_clock (0)
2. checking constant_clock (0)
3. checking pulse_width_clock (0)
4. checking unconstrained_internal_endpoints (0)
5. checking no_input_delay (13)
6. checking no_output_delay (25)
7. checking multiple_clock (0)
8. checking generated_clocks (0)
9. checking loops (0)
10. checking partial_input_delay (0)
11. checking partial_output_delay (0)
12. checking latch_loops (0)

1. checking no_clock (0)
------------------------
 There are 0 register/latch pins with no clock.


2. checking constant_clock (0)
------------------------------
 There are 0 register/latch pins with constant_clock.


3. checking pulse_width_clock (0)
---------------------------------
 There are 0 register/latch pins which need pulse_width check


4. checking unconstrained_internal_endpoints (0)
------------------------------------------------
 There are 0 pins that are not constrained for maximum delay.

 There are 0 pins that are not constrained for maximum delay due to constant clock.


5. checking no_input_delay (13)
-------------------------------
 There are 0 input ports with no input delay specified.

 There are 13 input ports with no input delay but user has a false path constraint. (MEDIUM)


6. checking no_output_delay (25)
--------------------------------
 There are 0 ports with no output delay specified.

 There are 25 ports with no output delay but user has a false path constraint (MEDIUM)

 There are 0 ports with no output delay but with a timing clock defined on it or propagating through it


7. checking multiple_clock (0)
------------------------------
 There are 0 register/latch pins with multiple clocks.


8. checking generated_clocks (0)
--------------------------------
 There are 0 generated clocks that are not connected to a clock source.


9. checking loops (0)
---------------------
 There are 0 combinational loops in the design.


10. checking partial_input_delay (0)
------------------------------------
 There are 0 input ports with partial input delay specified.


11. checking partial_output_delay (0)
-------------------------------------
 There are 0 ports with partial output delay specified.


12. checking latch_loops (0)
----------------------------
 There are 0 combinational latch loops in the design through latch input



------------------------------------------------------------------------------------------------
| Design Timing Summary
| ---------------------
------------------------------------------------------------------------------------------------

    WNS(ns)      TNS(ns)  TNS Failing Endpoints  TNS Total Endpoints      WHS(ns)      THS(ns)  THS Failing Endpoints  THS Total Endpoints     WPWS(ns)     TPWS(ns)  TPWS Failing Endpoints  TPWS Total Endpoints  
    -------      -------  ---------------------  -------------------      -------      -------  ---------------------  -------------------     --------     --------  ----------------------  --------------------  
      0.865        0.000                      0                 6815        0.074        0.000                      0                 6815        3.750        0.000                       0                  2251  


All user specified timing constraints are met.


------------------------------------------------------------------------------------------------
| Clock Summary
| -------------
------------------------------------------------------------------------------------------------

Clock        Waveform(ns)       Period(ns)      Frequency(MHz)
-----        ------------       ----------      --------------
sys_clk_pin  {0.000 5.000}      10.000          100.000         


------------------------------------------------------------------------------------------------
| Intra Clock Table
| -----------------
------------------------------------------------------------------------------------------------

Clock             WNS(ns)      TNS(ns)  TNS Failing Endpoints  TNS Total Endpoints      WHS(ns)      THS(ns)  THS Failing Endpoints  THS Total Endpoints     WPWS(ns)     TPWS(ns)  TPWS Failing Endpoints  TPWS Total Endpoints  
-----             -------      -------  ---------------------  -------------------      -------      -------  ---------------------  -------------------     --------     --------  ----------------------  --------------------  
sys_clk_pin         0.865        0.000                      0                 6815        0.074        0.000                      0                 6815        3.750        0.000                       0                  2251  


------------------------------------------------------------------------------------------------
| Inter Clock Table
| -----------------
------------------------------------------------------------------------------------------------

From Clock    To Clock          WNS(ns)      TNS(ns)  TNS Failing Endpoints  TNS Total Endpoints      WHS(ns)      THS(ns)  THS Failing Endpoints  THS Total Endpoints  
----------    --------          -------      -------  ---------------------  -------------------      -------      -------  ---------------------  -------------------  


------------------------------------------------------------------------------------------------
| Other Path Groups Table
| -----------------------
------------------------------------------------------------------------------------------------

Path Group    From Clock    To Clock          WNS(ns)      TNS(ns)  TNS Failing Endpoints  TNS Total Endpoints      WHS(ns)      THS(ns)  THS Failing Endpoints  THS Total Endpoints  
----------    ----------    --------          -------      -------  ---------------------  -------------------      -------      -------  ---------------------  -------------------  


------------------------------------------------------------------------------------------------
| Timing Details
| --------------
------------------------------------------------------------------------------------------------


---------------------------------------------------------------------------------------------------
From Clock:  sys_clk_pin
  To Clock:  sys_clk_pin

Setup :            0  Failing Endpoints,  Worst Slack        0.865ns,  Total Violation        0.000ns
Hold  :            0  Failing Endpoints,  Worst Slack        0.074ns,  Total Violation        0.000ns
PW    :            0  Failing Endpoints,  Worst Slack        3.750ns,  Total Violation        0.000ns
---------------------------------------------------------------------------------------------------


Max Delay Paths
--------------------------------------------------------------------------------------
Slack (MET) :             0.865ns  (required time - arrival time)
  Source:                 u_ratio_calc/ratio_x100_reg[10]/C
                            (rising edge-triggered cell FDRE clocked by sys_clk_pin  {rise@0.000ns fall@5.000ns period=10.000ns})
  Destination:            u_seg7_driver/bcd_reg[10]/D
                            (rising edge-triggered cell FDRE clocked by sys_clk_pin  {rise@0.000ns fall@5.000ns period=10.000ns})
  Path Group:             sys_clk_pin
  Path Type:              Setup (Max at Slow Process Corner)
  Requirement:            10.000ns  (sys_clk_pin rise@10.000ns - sys_clk_pin rise@0.000ns)
  Data Path Delay:        9.091ns  (logic 2.004ns (22.043%)  route 7.087ns (77.957%))
  Logic Levels:           9  (LUT4=3 LUT5=2 LUT6=4)
  Clock Path Skew:        -0.037ns (DCD - SCD + CPR)
    Destination Clock Delay (DCD):    4.850ns = ( 14.850 - 10.000 ) 
    Source Clock Delay      (SCD):    5.147ns
    Clock Pessimism Removal (CPR):    0.260ns
  Clock Uncertainty:      0.035ns  ((TSJ^2 + TIJ^2)^1/2 + DJ) / 2 + PE
    Total System Jitter     (TSJ):    0.071ns
    Total Input Jitter      (TIJ):    0.000ns
    Discrete Jitter          (DJ):    0.000ns
    Phase Error              (PE):    0.000ns

    Location             Delay type                Incr(ns)  Path(ns)    Netlist Resource(s)
  -------------------------------------------------------------------    -------------------
                         (clock sys_clk_pin rise edge)
                                                      0.000     0.000 r  
    W5                                                0.000     0.000 r  clk (IN)
                         net (fo=0)                   0.000     0.000    clk
    W5                   IBUF (Prop_ibuf_I_O)         1.458     1.458 r  clk_IBUF_inst/O
                         net (fo=1, routed)           1.967     3.425    clk_IBUF
    BUFGCTRL_X0Y0        BUFG (Prop_bufg_I_O)         0.096     3.521 r  clk_IBUF_BUFG_inst/O
                         net (fo=2251, routed)        1.626     5.147    u_ratio_calc/clk_IBUF_BUFG
    SLICE_X0Y30          FDRE                                         r  u_ratio_calc/ratio_x100_reg[10]/C
  -------------------------------------------------------------------    -------------------
    SLICE_X0Y30          FDRE (Prop_fdre_C_Q)         0.456     5.603 r  u_ratio_calc/ratio_x100_reg[10]/Q
                         net (fo=1, routed)           0.946     6.549    u_stats_regs/bcd[15]_i_30_0[10]
    SLICE_X3Y30          LUT6 (Prop_lut6_I1_O)        0.124     6.673 r  u_stats_regs/bcd[15]_i_34/O
                         net (fo=9, routed)           1.036     7.709    u_stats_regs/seg_value[10]
    SLICE_X3Y31          LUT5 (Prop_lut5_I0_O)        0.124     7.833 f  u_stats_regs/bcd[4]_i_10/O
                         net (fo=2, routed)           0.455     8.288    u_stats_regs/bcd[4]_i_10_n_0
    SLICE_X4Y32          LUT6 (Prop_lut6_I2_O)        0.124     8.412 r  u_stats_regs/bcd[4]_i_8/O
                         net (fo=4, routed)           0.623     9.035    u_stats_regs/bcd[4]_i_8_n_0
    SLICE_X3Y32          LUT4 (Prop_lut4_I2_O)        0.118     9.153 r  u_stats_regs/bcd[15]_i_27/O
                         net (fo=8, routed)           0.844     9.997    u_stats_regs/bcd[15]_i_27_n_0
    SLICE_X3Y31          LUT6 (Prop_lut6_I0_O)        0.326    10.323 r  u_stats_regs/bcd[15]_i_20/O
                         net (fo=4, routed)           0.767    11.090    u_stats_regs/bcd[15]_i_20_n_0
    SLICE_X6Y32          LUT5 (Prop_lut5_I4_O)        0.153    11.243 r  u_stats_regs/bcd[15]_i_12/O
                         net (fo=6, routed)           0.772    12.015    u_stats_regs/bcd[15]_i_12_n_0
    SLICE_X3Y34          LUT6 (Prop_lut6_I4_O)        0.331    12.346 r  u_stats_regs/bcd[8]_i_2/O
                         net (fo=5, routed)           0.682    13.028    u_stats_regs/bcd[8]_i_2_n_0
    SLICE_X3Y34          LUT4 (Prop_lut4_I0_O)        0.124    13.152 r  u_stats_regs/bcd[12]_i_4/O
                         net (fo=4, routed)           0.963    14.114    u_stats_regs/bcd[12]_i_4_n_0
    SLICE_X4Y32          LUT4 (Prop_lut4_I2_O)        0.124    14.238 r  u_stats_regs/bcd[10]_i_1/O
                         net (fo=1, routed)           0.000    14.238    u_seg7_driver/D[10]
    SLICE_X4Y32          FDRE                                         r  u_seg7_driver/bcd_reg[10]/D
  -------------------------------------------------------------------    -------------------

                         (clock sys_clk_pin rise edge)
                                                     10.000    10.000 r  
    W5                                                0.000    10.000 r  clk (IN)
                         net (fo=0)                   0.000    10.000    clk
    W5                   IBUF (Prop_ibuf_I_O)         1.388    11.388 r  clk_IBUF_inst/O
                         net (fo=1, routed)           1.862    13.250    clk_IBUF
    BUFGCTRL_X0Y0        BUFG (Prop_bufg_I_O)         0.091    13.341 r  clk_IBUF_BUFG_inst/O
                         net (fo=2251, routed)        1.509    14.850    u_seg7_driver/clk_IBUF_BUFG
    SLICE_X4Y32          FDRE                                         r  u_seg7_driver/bcd_reg[10]/C
                         clock pessimism              0.260    15.110    
                         clock uncertainty           -0.035    15.075    
    SLICE_X4Y32          FDRE (Setup_fdre_C_D)        0.029    15.104    u_seg7_driver/bcd_reg[10]
  -------------------------------------------------------------------
                         required time                         15.104    
                         arrival time                         -14.238    
  -------------------------------------------------------------------
                         slack                                  0.865    





Min Delay Paths
--------------------------------------------------------------------------------------
Slack (MET) :             0.074ns  (arrival time - required time)
  Source:                 u_vec_buffer/wptr_reg[4]/C
                            (rising edge-triggered cell FDRE clocked by sys_clk_pin  {rise@0.000ns fall@5.000ns period=10.000ns})
  Destination:            u_vec_buffer/mem_reg_0_63_3_5/RAMA/WADR4
                            (rising edge-triggered cell RAMD64E clocked by sys_clk_pin  {rise@0.000ns fall@5.000ns period=10.000ns})
  Path Group:             sys_clk_pin
  Path Type:              Hold (Min at Fast Process Corner)
  Requirement:            0.000ns  (sys_clk_pin rise@0.000ns - sys_clk_pin rise@0.000ns)
  Data Path Delay:        0.305ns  (logic 0.141ns (46.236%)  route 0.164ns (53.764%))
  Logic Levels:           0  
  Clock Path Skew:        0.031ns (DCD - SCD - CPR)
    Destination Clock Delay (DCD):    1.945ns
    Source Clock Delay      (SCD):    1.436ns
    Clock Pessimism Removal (CPR):    0.478ns

    Location             Delay type                Incr(ns)  Path(ns)    Netlist Resource(s)
  -------------------------------------------------------------------    -------------------
                         (clock sys_clk_pin rise edge)
                                                      0.000     0.000 r  
    W5                                                0.000     0.000 r  clk (IN)
                         net (fo=0)                   0.000     0.000    clk
    W5                   IBUF (Prop_ibuf_I_O)         0.226     0.226 r  clk_IBUF_inst/O
                         net (fo=1, routed)           0.631     0.858    clk_IBUF
    BUFGCTRL_X0Y0        BUFG (Prop_bufg_I_O)         0.026     0.884 r  clk_IBUF_BUFG_inst/O
                         net (fo=2251, routed)        0.553     1.436    u_vec_buffer/clk_IBUF_BUFG
    SLICE_X33Y22         FDRE                                         r  u_vec_buffer/wptr_reg[4]/C
  -------------------------------------------------------------------    -------------------
    SLICE_X33Y22         FDRE (Prop_fdre_C_Q)         0.141     1.577 r  u_vec_buffer/wptr_reg[4]/Q
                         net (fo=33, routed)          0.164     1.741    u_vec_buffer/mem_reg_0_63_3_5/ADDRD4
    SLICE_X34Y22         RAMD64E                                      r  u_vec_buffer/mem_reg_0_63_3_5/RAMA/WADR4
  -------------------------------------------------------------------    -------------------

                         (clock sys_clk_pin rise edge)
                                                      0.000     0.000 r  
    W5                                                0.000     0.000 r  clk (IN)
                         net (fo=0)                   0.000     0.000    clk
    W5                   IBUF (Prop_ibuf_I_O)         0.414     0.414 r  clk_IBUF_inst/O
                         net (fo=1, routed)           0.685     1.099    clk_IBUF
    BUFGCTRL_X0Y0        BUFG (Prop_bufg_I_O)         0.029     1.128 r  clk_IBUF_BUFG_inst/O
                         net (fo=2251, routed)        0.818     1.945    u_vec_buffer/mem_reg_0_63_3_5/WCLK
    SLICE_X34Y22         RAMD64E                                      r  u_vec_buffer/mem_reg_0_63_3_5/RAMA/CLK
                         clock pessimism             -0.478     1.467    
    SLICE_X34Y22         RAMD64E (Hold_ramd64e_CLK_WADR4)
                                                      0.200     1.667    u_vec_buffer/mem_reg_0_63_3_5/RAMA
  -------------------------------------------------------------------
                         required time                         -1.667    
                         arrival time                           1.741    
  -------------------------------------------------------------------
                         slack                                  0.074    





Pulse Width Checks
--------------------------------------------------------------------------------------
Clock Name:         sys_clk_pin
Waveform(ns):       { 0.000 5.000 }
Period(ns):         10.000
Sources:            { clk }

Check Type        Corner  Lib Pin             Reference Pin  Required(ns)  Actual(ns)  Slack(ns)  Location      Pin
Min Period        n/a     RAMB36E1/CLKARDCLK  n/a            3.363         10.000      6.637      RAMB36_X2Y1   u_out_mem/mem_reg_0_0/CLKARDCLK
Low Pulse Width   Slow    RAMD64E/CLK         n/a            1.250         5.000       3.750      SLICE_X34Y24  u_vec_buffer/mem_reg_0_63_0_2/RAMA/CLK
High Pulse Width  Slow    RAMD64E/CLK         n/a            1.250         5.000       3.750      SLICE_X34Y24  u_vec_buffer/mem_reg_0_63_0_2/RAMA/CLK



